\BOOKMARK [0][-]{chapter.1}{\376\377\0001\000\040\000T\000o\000d\000o\000\040\000L\000i\000s\000t}{}% 1
\BOOKMARK [0][-]{chapter.2}{\376\377\0002\000\040\000N\000a\000m\000e\000s\000p\000a\000c\000e\000\040\000I\000n\000d\000e\000x}{}% 2
\BOOKMARK [1][-]{section.2.1}{\376\377\0002\000.\0001\000\040\000N\000a\000m\000e\000s\000p\000a\000c\000e\000\040\000L\000i\000s\000t}{chapter.2}% 3
\BOOKMARK [0][-]{chapter.3}{\376\377\0003\000\040\000H\000i\000e\000r\000a\000r\000c\000h\000i\000c\000a\000l\000\040\000I\000n\000d\000e\000x}{}% 4
\BOOKMARK [1][-]{section.3.1}{\376\377\0003\000.\0001\000\040\000C\000l\000a\000s\000s\000\040\000H\000i\000e\000r\000a\000r\000c\000h\000y}{chapter.3}% 5
\BOOKMARK [0][-]{chapter.4}{\376\377\0004\000\040\000C\000l\000a\000s\000s\000\040\000I\000n\000d\000e\000x}{}% 6
\BOOKMARK [1][-]{section.4.1}{\376\377\0004\000.\0001\000\040\000C\000l\000a\000s\000s\000\040\000L\000i\000s\000t}{chapter.4}% 7
\BOOKMARK [0][-]{chapter.5}{\376\377\0005\000\040\000F\000i\000l\000e\000\040\000I\000n\000d\000e\000x}{}% 8
\BOOKMARK [1][-]{section.5.1}{\376\377\0005\000.\0001\000\040\000F\000i\000l\000e\000\040\000L\000i\000s\000t}{chapter.5}% 9
\BOOKMARK [0][-]{chapter.6}{\376\377\0006\000\040\000N\000a\000m\000e\000s\000p\000a\000c\000e\000\040\000D\000o\000c\000u\000m\000e\000n\000t\000a\000t\000i\000o\000n}{}% 10
\BOOKMARK [1][-]{section.6.1}{\376\377\0006\000.\0001\000\040\000y\000l\000a\000n\000g\000\040\000N\000a\000m\000e\000s\000p\000a\000c\000e\000\040\000R\000e\000f\000e\000r\000e\000n\000c\000e}{chapter.6}% 11
\BOOKMARK [2][-]{subsection.6.1.1}{\376\377\0006\000.\0001\000.\0001\000\040\000D\000e\000t\000a\000i\000l\000e\000d\000\040\000D\000e\000s\000c\000r\000i\000p\000t\000i\000o\000n}{section.6.1}% 12
\BOOKMARK [0][-]{chapter.7}{\376\377\0007\000\040\000C\000l\000a\000s\000s\000\040\000D\000o\000c\000u\000m\000e\000n\000t\000a\000t\000i\000o\000n}{}% 13
\BOOKMARK [1][-]{section.7.1}{\376\377\0007\000.\0001\000\040\000y\000l\000a\000n\000g\000:\000:\000A\000S\000T\000\040\000C\000l\000a\000s\000s\000\040\000R\000e\000f\000e\000r\000e\000n\000c\000e}{chapter.7}% 14
\BOOKMARK [2][-]{subsection.7.1.1}{\376\377\0007\000.\0001\000.\0001\000\040\000D\000e\000t\000a\000i\000l\000e\000d\000\040\000D\000e\000s\000c\000r\000i\000p\000t\000i\000o\000n}{section.7.1}% 15
\BOOKMARK [2][-]{subsection.7.1.2}{\376\377\0007\000.\0001\000.\0002\000\040\000M\000e\000m\000b\000e\000r\000\040\000F\000u\000n\000c\000t\000i\000o\000n\000\040\000D\000o\000c\000u\000m\000e\000n\000t\000a\000t\000i\000o\000n}{section.7.1}% 16
\BOOKMARK [3][-]{subsubsection.7.1.2.1}{\376\377\0007\000.\0001\000.\0002\000.\0001\000\040\000P\000r\000i\000n\000t\000\050\000\051}{subsection.7.1.2}% 17
\BOOKMARK [1][-]{section.7.2}{\376\377\0007\000.\0002\000\040\000y\000l\000a\000n\000g\000:\000:\000A\000S\000T\000B\000i\000n\000a\000r\000y\000E\000x\000p\000r\000\040\000C\000l\000a\000s\000s\000\040\000R\000e\000f\000e\000r\000e\000n\000c\000e}{chapter.7}% 18
\BOOKMARK [2][-]{subsection.7.2.1}{\376\377\0007\000.\0002\000.\0001\000\040\000D\000e\000t\000a\000i\000l\000e\000d\000\040\000D\000e\000s\000c\000r\000i\000p\000t\000i\000o\000n}{section.7.2}% 19
\BOOKMARK [1][-]{section.7.3}{\376\377\0007\000.\0003\000\040\000y\000l\000a\000n\000g\000:\000:\000A\000S\000T\000B\000l\000o\000c\000k\000S\000t\000m\000n\000t\000\040\000C\000l\000a\000s\000s\000\040\000R\000e\000f\000e\000r\000e\000n\000c\000e}{chapter.7}% 20
\BOOKMARK [2][-]{subsection.7.3.1}{\376\377\0007\000.\0003\000.\0001\000\040\000D\000e\000t\000a\000i\000l\000e\000d\000\040\000D\000e\000s\000c\000r\000i\000p\000t\000i\000o\000n}{section.7.3}% 21
\BOOKMARK [1][-]{section.7.4}{\376\377\0007\000.\0004\000\040\000y\000l\000a\000n\000g\000:\000:\000A\000S\000T\000E\000x\000p\000r\000\040\000C\000l\000a\000s\000s\000\040\000R\000e\000f\000e\000r\000e\000n\000c\000e}{chapter.7}% 22
\BOOKMARK [2][-]{subsection.7.4.1}{\376\377\0007\000.\0004\000.\0001\000\040\000D\000e\000t\000a\000i\000l\000e\000d\000\040\000D\000e\000s\000c\000r\000i\000p\000t\000i\000o\000n}{section.7.4}% 23
\BOOKMARK [1][-]{section.7.5}{\376\377\0007\000.\0005\000\040\000y\000l\000a\000n\000g\000:\000:\000A\000S\000T\000E\000x\000p\000r\000S\000t\000m\000n\000t\000\040\000C\000l\000a\000s\000s\000\040\000R\000e\000f\000e\000r\000e\000n\000c\000e}{chapter.7}% 24
\BOOKMARK [2][-]{subsection.7.5.1}{\376\377\0007\000.\0005\000.\0001\000\040\000D\000e\000t\000a\000i\000l\000e\000d\000\040\000D\000e\000s\000c\000r\000i\000p\000t\000i\000o\000n}{section.7.5}% 25
\BOOKMARK [1][-]{section.7.6}{\376\377\0007\000.\0006\000\040\000y\000l\000a\000n\000g\000:\000:\000A\000S\000T\000G\000r\000o\000u\000p\000i\000n\000g\000E\000x\000p\000r\000\040\000C\000l\000a\000s\000s\000\040\000R\000e\000f\000e\000r\000e\000n\000c\000e}{chapter.7}% 26
\BOOKMARK [2][-]{subsection.7.6.1}{\376\377\0007\000.\0006\000.\0001\000\040\000D\000e\000t\000a\000i\000l\000e\000d\000\040\000D\000e\000s\000c\000r\000i\000p\000t\000i\000o\000n}{section.7.6}% 27
\BOOKMARK [1][-]{section.7.7}{\376\377\0007\000.\0007\000\040\000y\000l\000a\000n\000g\000:\000:\000A\000S\000T\000I\000f\000S\000t\000m\000n\000t\000\040\000C\000l\000a\000s\000s\000\040\000R\000e\000f\000e\000r\000e\000n\000c\000e}{chapter.7}% 28
\BOOKMARK [2][-]{subsection.7.7.1}{\376\377\0007\000.\0007\000.\0001\000\040\000D\000e\000t\000a\000i\000l\000e\000d\000\040\000D\000e\000s\000c\000r\000i\000p\000t\000i\000o\000n}{section.7.7}% 29
\BOOKMARK [1][-]{section.7.8}{\376\377\0007\000.\0008\000\040\000y\000l\000a\000n\000g\000:\000:\000A\000S\000T\000L\000i\000t\000e\000r\000a\000l\000\040\000C\000l\000a\000s\000s\000\040\000R\000e\000f\000e\000r\000e\000n\000c\000e}{chapter.7}% 30
\BOOKMARK [2][-]{subsection.7.8.1}{\376\377\0007\000.\0008\000.\0001\000\040\000D\000e\000t\000a\000i\000l\000e\000d\000\040\000D\000e\000s\000c\000r\000i\000p\000t\000i\000o\000n}{section.7.8}% 31
\BOOKMARK [1][-]{section.7.9}{\376\377\0007\000.\0009\000\040\000y\000l\000a\000n\000g\000:\000:\000A\000S\000T\000L\000o\000g\000i\000c\000a\000l\000E\000x\000p\000r\000\040\000C\000l\000a\000s\000s\000\040\000R\000e\000f\000e\000r\000e\000n\000c\000e}{chapter.7}% 32
\BOOKMARK [2][-]{subsection.7.9.1}{\376\377\0007\000.\0009\000.\0001\000\040\000D\000e\000t\000a\000i\000l\000e\000d\000\040\000D\000e\000s\000c\000r\000i\000p\000t\000i\000o\000n}{section.7.9}% 33
\BOOKMARK [1][-]{section.7.10}{\376\377\0007\000.\0001\0000\000\040\000y\000l\000a\000n\000g\000:\000:\000A\000S\000T\000N\000o\000d\000e\000\040\000C\000l\000a\000s\000s\000\040\000R\000e\000f\000e\000r\000e\000n\000c\000e}{chapter.7}% 34
\BOOKMARK [2][-]{subsection.7.10.1}{\376\377\0007\000.\0001\0000\000.\0001\000\040\000D\000e\000t\000a\000i\000l\000e\000d\000\040\000D\000e\000s\000c\000r\000i\000p\000t\000i\000o\000n}{section.7.10}% 35
\BOOKMARK [1][-]{section.7.11}{\376\377\0007\000.\0001\0001\000\040\000y\000l\000a\000n\000g\000:\000:\000A\000S\000T\000P\000r\000i\000n\000t\000e\000r\000\040\000C\000l\000a\000s\000s\000\040\000R\000e\000f\000e\000r\000e\000n\000c\000e}{chapter.7}% 36
\BOOKMARK [2][-]{subsection.7.11.1}{\376\377\0007\000.\0001\0001\000.\0001\000\040\000D\000e\000t\000a\000i\000l\000e\000d\000\040\000D\000e\000s\000c\000r\000i\000p\000t\000i\000o\000n}{section.7.11}% 37
\BOOKMARK [1][-]{section.7.12}{\376\377\0007\000.\0001\0002\000\040\000y\000l\000a\000n\000g\000:\000:\000A\000S\000T\000P\000r\000i\000n\000t\000S\000t\000m\000n\000t\000\040\000C\000l\000a\000s\000s\000\040\000R\000e\000f\000e\000r\000e\000n\000c\000e}{chapter.7}% 38
\BOOKMARK [2][-]{subsection.7.12.1}{\376\377\0007\000.\0001\0002\000.\0001\000\040\000D\000e\000t\000a\000i\000l\000e\000d\000\040\000D\000e\000s\000c\000r\000i\000p\000t\000i\000o\000n}{section.7.12}% 39
\BOOKMARK [1][-]{section.7.13}{\376\377\0007\000.\0001\0003\000\040\000y\000l\000a\000n\000g\000:\000:\000A\000S\000T\000S\000t\000m\000n\000t\000\040\000C\000l\000a\000s\000s\000\040\000R\000e\000f\000e\000r\000e\000n\000c\000e}{chapter.7}% 40
\BOOKMARK [2][-]{subsection.7.13.1}{\376\377\0007\000.\0001\0003\000.\0001\000\040\000D\000e\000t\000a\000i\000l\000e\000d\000\040\000D\000e\000s\000c\000r\000i\000p\000t\000i\000o\000n}{section.7.13}% 41
\BOOKMARK [1][-]{section.7.14}{\376\377\0007\000.\0001\0004\000\040\000y\000l\000a\000n\000g\000:\000:\000A\000S\000T\000U\000n\000a\000r\000y\000E\000x\000p\000r\000\040\000C\000l\000a\000s\000s\000\040\000R\000e\000f\000e\000r\000e\000n\000c\000e}{chapter.7}% 42
\BOOKMARK [2][-]{subsection.7.14.1}{\376\377\0007\000.\0001\0004\000.\0001\000\040\000D\000e\000t\000a\000i\000l\000e\000d\000\040\000D\000e\000s\000c\000r\000i\000p\000t\000i\000o\000n}{section.7.14}% 43
\BOOKMARK [1][-]{section.7.15}{\376\377\0007\000.\0001\0005\000\040\000y\000l\000a\000n\000g\000:\000:\000A\000S\000T\000V\000a\000r\000A\000s\000s\000i\000g\000n\000E\000x\000p\000r\000\040\000C\000l\000a\000s\000s\000\040\000R\000e\000f\000e\000r\000e\000n\000c\000e}{chapter.7}% 44
\BOOKMARK [2][-]{subsection.7.15.1}{\376\377\0007\000.\0001\0005\000.\0001\000\040\000D\000e\000t\000a\000i\000l\000e\000d\000\040\000D\000e\000s\000c\000r\000i\000p\000t\000i\000o\000n}{section.7.15}% 45
\BOOKMARK [1][-]{section.7.16}{\376\377\0007\000.\0001\0006\000\040\000y\000l\000a\000n\000g\000:\000:\000A\000S\000T\000V\000a\000r\000E\000x\000p\000r\000\040\000C\000l\000a\000s\000s\000\040\000R\000e\000f\000e\000r\000e\000n\000c\000e}{chapter.7}% 46
\BOOKMARK [2][-]{subsection.7.16.1}{\376\377\0007\000.\0001\0006\000.\0001\000\040\000D\000e\000t\000a\000i\000l\000e\000d\000\040\000D\000e\000s\000c\000r\000i\000p\000t\000i\000o\000n}{section.7.16}% 47
\BOOKMARK [1][-]{section.7.17}{\376\377\0007\000.\0001\0007\000\040\000y\000l\000a\000n\000g\000:\000:\000A\000S\000T\000V\000a\000r\000S\000t\000m\000n\000t\000\040\000C\000l\000a\000s\000s\000\040\000R\000e\000f\000e\000r\000e\000n\000c\000e}{chapter.7}% 48
\BOOKMARK [2][-]{subsection.7.17.1}{\376\377\0007\000.\0001\0007\000.\0001\000\040\000D\000e\000t\000a\000i\000l\000e\000d\000\040\000D\000e\000s\000c\000r\000i\000p\000t\000i\000o\000n}{section.7.17}% 49
\BOOKMARK [1][-]{section.7.18}{\376\377\0007\000.\0001\0008\000\040\000y\000l\000a\000n\000g\000:\000:\000A\000S\000T\000W\000h\000i\000l\000e\000S\000t\000m\000n\000t\000\040\000C\000l\000a\000s\000s\000\040\000R\000e\000f\000e\000r\000e\000n\000c\000e}{chapter.7}% 50
\BOOKMARK [2][-]{subsection.7.18.1}{\376\377\0007\000.\0001\0008\000.\0001\000\040\000D\000e\000t\000a\000i\000l\000e\000d\000\040\000D\000e\000s\000c\000r\000i\000p\000t\000i\000o\000n}{section.7.18}% 51
\BOOKMARK [1][-]{section.7.19}{\376\377\0007\000.\0001\0009\000\040\000y\000l\000a\000n\000g\000:\000:\000C\000m\000n\000d\000L\000i\000n\000e\000A\000r\000g\000s\000\040\000C\000l\000a\000s\000s\000\040\000R\000e\000f\000e\000r\000e\000n\000c\000e}{chapter.7}% 52
\BOOKMARK [2][-]{subsection.7.19.1}{\376\377\0007\000.\0001\0009\000.\0001\000\040\000D\000e\000t\000a\000i\000l\000e\000d\000\040\000D\000e\000s\000c\000r\000i\000p\000t\000i\000o\000n}{section.7.19}% 53
\BOOKMARK [2][-]{subsection.7.19.2}{\376\377\0007\000.\0001\0009\000.\0002\000\040\000C\000o\000n\000s\000t\000r\000u\000c\000t\000o\000r\000\040\000\046\000\040\000D\000e\000s\000t\000r\000u\000c\000t\000o\000r\000\040\000D\000o\000c\000u\000m\000e\000n\000t\000a\000t\000i\000o\000n}{section.7.19}% 54
\BOOKMARK [3][-]{subsubsection.7.19.2.1}{\376\377\0007\000.\0001\0009\000.\0002\000.\0001\000\040\000C\000m\000n\000d\000L\000i\000n\000e\000A\000r\000g\000s\000\050\000\051\000\040\000[\0001\000/\0002\000]}{subsection.7.19.2}% 55
\BOOKMARK [3][-]{subsubsection.7.19.2.2}{\376\377\0007\000.\0001\0009\000.\0002\000.\0002\000\040\000C\000m\000n\000d\000L\000i\000n\000e\000A\000r\000g\000s\000\050\000\051\000\040\000[\0002\000/\0002\000]}{subsection.7.19.2}% 56
\BOOKMARK [3][-]{subsubsection.7.19.2.3}{\376\377\0007\000.\0001\0009\000.\0002\000.\0003\000\040\000\040\000C\000m\000n\000d\000L\000i\000n\000e\000A\000r\000g\000s\000\050\000\051}{subsection.7.19.2}% 57
\BOOKMARK [2][-]{subsection.7.19.3}{\376\377\0007\000.\0001\0009\000.\0003\000\040\000M\000e\000m\000b\000e\000r\000\040\000F\000u\000n\000c\000t\000i\000o\000n\000\040\000D\000o\000c\000u\000m\000e\000n\000t\000a\000t\000i\000o\000n}{section.7.19}% 58
\BOOKMARK [3][-]{subsubsection.7.19.3.1}{\376\377\0007\000.\0001\0009\000.\0003\000.\0001\000\040\000A\000r\000g\000H\000a\000s\000V\000a\000l\000u\000e\000\050\000\051}{subsection.7.19.3}% 59
\BOOKMARK [3][-]{subsubsection.7.19.3.2}{\376\377\0007\000.\0001\0009\000.\0003\000.\0002\000\040\000A\000r\000g\000P\000r\000e\000s\000e\000n\000t\000\050\000\051}{subsection.7.19.3}% 60
\BOOKMARK [3][-]{subsubsection.7.19.3.3}{\376\377\0007\000.\0001\0009\000.\0003\000.\0003\000\040\000G\000e\000t\000A\000r\000g\000V\000a\000l\000u\000e\000\050\000\051}{subsection.7.19.3}% 61
\BOOKMARK [2][-]{subsection.7.19.4}{\376\377\0007\000.\0001\0009\000.\0004\000\040\000M\000e\000m\000b\000e\000r\000\040\000D\000a\000t\000a\000\040\000D\000o\000c\000u\000m\000e\000n\000t\000a\000t\000i\000o\000n}{section.7.19}% 62
\BOOKMARK [3][-]{subsubsection.7.19.4.1}{\376\377\0007\000.\0001\0009\000.\0004\000.\0001\000\040\000a\000r\000g\000s}{subsection.7.19.4}% 63
\BOOKMARK [3][-]{subsubsection.7.19.4.2}{\376\377\0007\000.\0001\0009\000.\0004\000.\0002\000\040\000f\000l\000a\000g\000s}{subsection.7.19.4}% 64
\BOOKMARK [1][-]{section.7.20}{\376\377\0007\000.\0002\0000\000\040\000y\000l\000a\000n\000g\000:\000:\000c\000o\000m\000p\000i\000l\000e\000r\000\137\000e\000r\000r\000o\000r\000\040\000C\000l\000a\000s\000s\000\040\000R\000e\000f\000e\000r\000e\000n\000c\000e}{chapter.7}% 65
\BOOKMARK [2][-]{subsection.7.20.1}{\376\377\0007\000.\0002\0000\000.\0001\000\040\000D\000e\000t\000a\000i\000l\000e\000d\000\040\000D\000e\000s\000c\000r\000i\000p\000t\000i\000o\000n}{section.7.20}% 66
\BOOKMARK [2][-]{subsection.7.20.2}{\376\377\0007\000.\0002\0000\000.\0002\000\040\000C\000o\000n\000s\000t\000r\000u\000c\000t\000o\000r\000\040\000\046\000\040\000D\000e\000s\000t\000r\000u\000c\000t\000o\000r\000\040\000D\000o\000c\000u\000m\000e\000n\000t\000a\000t\000i\000o\000n}{section.7.20}% 67
\BOOKMARK [3][-]{subsubsection.7.20.2.1}{\376\377\0007\000.\0002\0000\000.\0002\000.\0001\000\040\000c\000o\000m\000p\000i\000l\000e\000r\000\137\000e\000r\000r\000o\000r\000\050\000\051\000\040\000[\0001\000/\0003\000]}{subsection.7.20.2}% 68
\BOOKMARK [3][-]{subsubsection.7.20.2.2}{\376\377\0007\000.\0002\0000\000.\0002\000.\0002\000\040\000c\000o\000m\000p\000i\000l\000e\000r\000\137\000e\000r\000r\000o\000r\000\050\000\051\000\040\000[\0002\000/\0003\000]}{subsection.7.20.2}% 69
\BOOKMARK [3][-]{subsubsection.7.20.2.3}{\376\377\0007\000.\0002\0000\000.\0002\000.\0003\000\040\000c\000o\000m\000p\000i\000l\000e\000r\000\137\000e\000r\000r\000o\000r\000\050\000\051\000\040\000[\0003\000/\0003\000]}{subsection.7.20.2}% 70
\BOOKMARK [1][-]{section.7.21}{\376\377\0007\000.\0002\0001\000\040\000y\000l\000a\000n\000g\000:\000:\000E\000r\000r\000o\000r\000\040\000S\000t\000r\000u\000c\000t\000\040\000R\000e\000f\000e\000r\000e\000n\000c\000e}{chapter.7}% 71
\BOOKMARK [2][-]{subsection.7.21.1}{\376\377\0007\000.\0002\0001\000.\0001\000\040\000D\000e\000t\000a\000i\000l\000e\000d\000\040\000D\000e\000s\000c\000r\000i\000p\000t\000i\000o\000n}{section.7.21}% 72
\BOOKMARK [2][-]{subsection.7.21.2}{\376\377\0007\000.\0002\0001\000.\0002\000\040\000C\000o\000n\000s\000t\000r\000u\000c\000t\000o\000r\000\040\000\046\000\040\000D\000e\000s\000t\000r\000u\000c\000t\000o\000r\000\040\000D\000o\000c\000u\000m\000e\000n\000t\000a\000t\000i\000o\000n}{section.7.21}% 73
\BOOKMARK [3][-]{subsubsection.7.21.2.1}{\376\377\0007\000.\0002\0001\000.\0002\000.\0001\000\040\000E\000r\000r\000o\000r\000\050\000\051\000\040\000[\0001\000/\0008\000]}{subsection.7.21.2}% 74
\BOOKMARK [3][-]{subsubsection.7.21.2.2}{\376\377\0007\000.\0002\0001\000.\0002\000.\0002\000\040\000E\000r\000r\000o\000r\000\050\000\051\000\040\000[\0002\000/\0008\000]}{subsection.7.21.2}% 75
\BOOKMARK [3][-]{subsubsection.7.21.2.3}{\376\377\0007\000.\0002\0001\000.\0002\000.\0003\000\040\000E\000r\000r\000o\000r\000\050\000\051\000\040\000[\0003\000/\0008\000]}{subsection.7.21.2}% 76
\BOOKMARK [3][-]{subsubsection.7.21.2.4}{\376\377\0007\000.\0002\0001\000.\0002\000.\0004\000\040\000E\000r\000r\000o\000r\000\050\000\051\000\040\000[\0004\000/\0008\000]}{subsection.7.21.2}% 77
\BOOKMARK [3][-]{subsubsection.7.21.2.5}{\376\377\0007\000.\0002\0001\000.\0002\000.\0005\000\040\000E\000r\000r\000o\000r\000\050\000\051\000\040\000[\0005\000/\0008\000]}{subsection.7.21.2}% 78
\BOOKMARK [3][-]{subsubsection.7.21.2.6}{\376\377\0007\000.\0002\0001\000.\0002\000.\0006\000\040\000E\000r\000r\000o\000r\000\050\000\051\000\040\000[\0006\000/\0008\000]}{subsection.7.21.2}% 79
\BOOKMARK [3][-]{subsubsection.7.21.2.7}{\376\377\0007\000.\0002\0001\000.\0002\000.\0007\000\040\000E\000r\000r\000o\000r\000\050\000\051\000\040\000[\0007\000/\0008\000]}{subsection.7.21.2}% 80
\BOOKMARK [3][-]{subsubsection.7.21.2.8}{\376\377\0007\000.\0002\0001\000.\0002\000.\0008\000\040\000E\000r\000r\000o\000r\000\050\000\051\000\040\000[\0008\000/\0008\000]}{subsection.7.21.2}% 81
\BOOKMARK [2][-]{subsection.7.21.3}{\376\377\0007\000.\0002\0001\000.\0003\000\040\000M\000e\000m\000b\000e\000r\000\040\000D\000a\000t\000a\000\040\000D\000o\000c\000u\000m\000e\000n\000t\000a\000t\000i\000o\000n}{section.7.21}% 82
\BOOKMARK [3][-]{subsubsection.7.21.3.1}{\376\377\0007\000.\0002\0001\000.\0003\000.\0001\000\040\000l\000e\000v\000e\000l}{subsection.7.21.3}% 83
\BOOKMARK [1][-]{section.7.22}{\376\377\0007\000.\0002\0002\000\040\000y\000l\000a\000n\000g\000:\000:\000E\000r\000r\000o\000r\000H\000a\000n\000d\000l\000e\000r\000\040\000C\000l\000a\000s\000s\000\040\000R\000e\000f\000e\000r\000e\000n\000c\000e}{chapter.7}% 84
\BOOKMARK [2][-]{subsection.7.22.1}{\376\377\0007\000.\0002\0002\000.\0001\000\040\000D\000e\000t\000a\000i\000l\000e\000d\000\040\000D\000e\000s\000c\000r\000i\000p\000t\000i\000o\000n}{section.7.22}% 85
\BOOKMARK [2][-]{subsection.7.22.2}{\376\377\0007\000.\0002\0002\000.\0002\000\040\000M\000e\000m\000b\000e\000r\000\040\000F\000u\000n\000c\000t\000i\000o\000n\000\040\000D\000o\000c\000u\000m\000e\000n\000t\000a\000t\000i\000o\000n}{section.7.22}% 86
\BOOKMARK [3][-]{subsubsection.7.22.2.1}{\376\377\0007\000.\0002\0002\000.\0002\000.\0001\000\040\000F\000l\000u\000s\000h\000E\000r\000r\000o\000r\000s\000\050\000\051}{subsection.7.22.2}% 87
\BOOKMARK [3][-]{subsubsection.7.22.2.2}{\376\377\0007\000.\0002\0002\000.\0002\000.\0002\000\040\000H\000a\000n\000d\000l\000e\000L\000e\000x\000e\000r\000E\000r\000r\000o\000r\000\050\000\051}{subsection.7.22.2}% 88
\BOOKMARK [3][-]{subsubsection.7.22.2.3}{\376\377\0007\000.\0002\0002\000.\0002\000.\0003\000\040\000H\000a\000n\000d\000l\000e\000P\000a\000r\000s\000e\000r\000E\000r\000r\000o\000r\000\050\000\051}{subsection.7.22.2}% 89
\BOOKMARK [3][-]{subsubsection.7.22.2.4}{\376\377\0007\000.\0002\0002\000.\0002\000.\0004\000\040\000H\000a\000n\000d\000l\000e\000R\000u\000n\000t\000i\000m\000e\000E\000r\000r\000o\000r\000\050\000\051}{subsection.7.22.2}% 90
\BOOKMARK [3][-]{subsubsection.7.22.2.5}{\376\377\0007\000.\0002\0002\000.\0002\000.\0005\000\040\000I\000s\000E\000m\000p\000t\000y\000\050\000\051}{subsection.7.22.2}% 91
\BOOKMARK [3][-]{subsubsection.7.22.2.6}{\376\377\0007\000.\0002\0002\000.\0002\000.\0006\000\040\000S\000u\000b\000m\000i\000t\000E\000r\000r\000o\000r\000\050\000\051}{subsection.7.22.2}% 92
\BOOKMARK [1][-]{section.7.23}{\376\377\0007\000.\0002\0003\000\040\000y\000l\000a\000n\000g\000:\000:\000E\000x\000p\000r\000V\000i\000s\000i\000t\000o\000r\000\040\000C\000l\000a\000s\000s\000\040\000R\000e\000f\000e\000r\000e\000n\000c\000e}{chapter.7}% 93
\BOOKMARK [2][-]{subsection.7.23.1}{\376\377\0007\000.\0002\0003\000.\0001\000\040\000D\000e\000t\000a\000i\000l\000e\000d\000\040\000D\000e\000s\000c\000r\000i\000p\000t\000i\000o\000n}{section.7.23}% 94
\BOOKMARK [1][-]{section.7.24}{\376\377\0007\000.\0002\0004\000\040\000y\000l\000a\000n\000g\000:\000:\000I\000n\000t\000e\000r\000p\000r\000e\000t\000e\000r\000\040\000C\000l\000a\000s\000s\000\040\000R\000e\000f\000e\000r\000e\000n\000c\000e}{chapter.7}% 95
\BOOKMARK [2][-]{subsection.7.24.1}{\376\377\0007\000.\0002\0004\000.\0001\000\040\000M\000e\000m\000b\000e\000r\000\040\000F\000u\000n\000c\000t\000i\000o\000n\000\040\000D\000o\000c\000u\000m\000e\000n\000t\000a\000t\000i\000o\000n}{section.7.24}% 96
\BOOKMARK [3][-]{subsubsection.7.24.1.1}{\376\377\0007\000.\0002\0004\000.\0001\000.\0001\000\040\000V\000i\000s\000i\000t\000V\000a\000r\000A\000s\000s\000i\000g\000n\000E\000x\000p\000r\000\050\000\051}{subsection.7.24.1}% 97
\BOOKMARK [1][-]{section.7.25}{\376\377\0007\000.\0002\0005\000\040\000y\000l\000a\000n\000g\000:\000:\000i\000n\000t\000e\000r\000p\000r\000e\000t\000e\000r\000\137\000e\000r\000r\000o\000r\000\040\000C\000l\000a\000s\000s\000\040\000R\000e\000f\000e\000r\000e\000n\000c\000e}{chapter.7}% 98
\BOOKMARK [2][-]{subsection.7.25.1}{\376\377\0007\000.\0002\0005\000.\0001\000\040\000D\000e\000t\000a\000i\000l\000e\000d\000\040\000D\000e\000s\000c\000r\000i\000p\000t\000i\000o\000n}{section.7.25}% 99
\BOOKMARK [2][-]{subsection.7.25.2}{\376\377\0007\000.\0002\0005\000.\0002\000\040\000C\000o\000n\000s\000t\000r\000u\000c\000t\000o\000r\000\040\000\046\000\040\000D\000e\000s\000t\000r\000u\000c\000t\000o\000r\000\040\000D\000o\000c\000u\000m\000e\000n\000t\000a\000t\000i\000o\000n}{section.7.25}% 100
\BOOKMARK [3][-]{subsubsection.7.25.2.1}{\376\377\0007\000.\0002\0005\000.\0002\000.\0001\000\040\000i\000n\000t\000e\000r\000p\000r\000e\000t\000e\000r\000\137\000e\000r\000r\000o\000r\000\050\000\051\000\040\000[\0001\000/\0003\000]}{subsection.7.25.2}% 101
\BOOKMARK [3][-]{subsubsection.7.25.2.2}{\376\377\0007\000.\0002\0005\000.\0002\000.\0002\000\040\000i\000n\000t\000e\000r\000p\000r\000e\000t\000e\000r\000\137\000e\000r\000r\000o\000r\000\050\000\051\000\040\000[\0002\000/\0003\000]}{subsection.7.25.2}% 102
\BOOKMARK [3][-]{subsubsection.7.25.2.3}{\376\377\0007\000.\0002\0005\000.\0002\000.\0003\000\040\000i\000n\000t\000e\000r\000p\000r\000e\000t\000e\000r\000\137\000e\000r\000r\000o\000r\000\050\000\051\000\040\000[\0003\000/\0003\000]}{subsection.7.25.2}% 103
\BOOKMARK [1][-]{section.7.26}{\376\377\0007\000.\0002\0006\000\040\000y\000l\000a\000n\000g\000:\000:\000L\000e\000x\000e\000r\000\040\000C\000l\000a\000s\000s\000\040\000R\000e\000f\000e\000r\000e\000n\000c\000e}{chapter.7}% 104
\BOOKMARK [2][-]{subsection.7.26.1}{\376\377\0007\000.\0002\0006\000.\0001\000\040\000D\000e\000t\000a\000i\000l\000e\000d\000\040\000D\000e\000s\000c\000r\000i\000p\000t\000i\000o\000n}{section.7.26}% 105
\BOOKMARK [2][-]{subsection.7.26.2}{\376\377\0007\000.\0002\0006\000.\0002\000\040\000C\000o\000n\000s\000t\000r\000u\000c\000t\000o\000r\000\040\000\046\000\040\000D\000e\000s\000t\000r\000u\000c\000t\000o\000r\000\040\000D\000o\000c\000u\000m\000e\000n\000t\000a\000t\000i\000o\000n}{section.7.26}% 106
\BOOKMARK [3][-]{subsubsection.7.26.2.1}{\376\377\0007\000.\0002\0006\000.\0002\000.\0001\000\040\000L\000e\000x\000e\000r\000\050\000\051}{subsection.7.26.2}% 107
\BOOKMARK [2][-]{subsection.7.26.3}{\376\377\0007\000.\0002\0006\000.\0003\000\040\000M\000e\000m\000b\000e\000r\000\040\000F\000u\000n\000c\000t\000i\000o\000n\000\040\000D\000o\000c\000u\000m\000e\000n\000t\000a\000t\000i\000o\000n}{section.7.26}% 108
\BOOKMARK [3][-]{subsubsection.7.26.3.1}{\376\377\0007\000.\0002\0006\000.\0003\000.\0001\000\040\000A\000d\000v\000a\000n\000c\000e\000\050\000\051}{subsection.7.26.3}% 109
\BOOKMARK [3][-]{subsubsection.7.26.3.2}{\376\377\0007\000.\0002\0006\000.\0003\000.\0002\000\040\000C\000o\000n\000s\000u\000m\000e\000\050\000\051}{subsection.7.26.3}% 110
\BOOKMARK [3][-]{subsubsection.7.26.3.3}{\376\377\0007\000.\0002\0006\000.\0003\000.\0003\000\040\000G\000e\000t\000T\000o\000k\000e\000n\000s\000\050\000\051}{subsection.7.26.3}% 111
\BOOKMARK [3][-]{subsubsection.7.26.3.4}{\376\377\0007\000.\0002\0006\000.\0003\000.\0004\000\040\000H\000a\000n\000d\000l\000e\000C\000o\000m\000m\000e\000n\000t\000\050\000\051}{subsection.7.26.3}% 112
\BOOKMARK [3][-]{subsubsection.7.26.3.5}{\376\377\0007\000.\0002\0006\000.\0003\000.\0005\000\040\000H\000a\000n\000d\000l\000e\000S\000t\000r\000i\000n\000g\000\050\000\051}{subsection.7.26.3}% 113
\BOOKMARK [3][-]{subsubsection.7.26.3.6}{\376\377\0007\000.\0002\0006\000.\0003\000.\0006\000\040\000I\000n\000i\000t\000T\000o\000k\000e\000n\000T\000y\000p\000e\000M\000a\000p\000s\000\050\000\051}{subsection.7.26.3}% 114
\BOOKMARK [3][-]{subsubsection.7.26.3.7}{\376\377\0007\000.\0002\0006\000.\0003\000.\0007\000\040\000L\000e\000x\000\050\000\051}{subsection.7.26.3}% 115
\BOOKMARK [3][-]{subsubsection.7.26.3.8}{\376\377\0007\000.\0002\0006\000.\0003\000.\0008\000\040\000N\000e\000w\000L\000i\000n\000e\000\050\000\051}{subsection.7.26.3}% 116
\BOOKMARK [3][-]{subsubsection.7.26.3.9}{\376\377\0007\000.\0002\0006\000.\0003\000.\0009\000\040\000P\000e\000e\000k\000\050\000\051}{subsection.7.26.3}% 117
\BOOKMARK [3][-]{subsubsection.7.26.3.10}{\376\377\0007\000.\0002\0006\000.\0003\000.\0001\0000\000\040\000P\000e\000e\000k\000N\000e\000x\000t\000\050\000\051}{subsection.7.26.3}% 118
\BOOKMARK [2][-]{subsection.7.26.4}{\376\377\0007\000.\0002\0006\000.\0004\000\040\000M\000e\000m\000b\000e\000r\000\040\000D\000a\000t\000a\000\040\000D\000o\000c\000u\000m\000e\000n\000t\000a\000t\000i\000o\000n}{section.7.26}% 119
\BOOKMARK [3][-]{subsubsection.7.26.4.1}{\376\377\0007\000.\0002\0006\000.\0004\000.\0001\000\040\000k\000e\000y\000w\000o\000r\000d\000s}{subsection.7.26.4}% 120
\BOOKMARK [3][-]{subsubsection.7.26.4.2}{\376\377\0007\000.\0002\0006\000.\0004\000.\0002\000\040\000o\000p\000e\000r\000a\000t\000o\000r\000s}{subsection.7.26.4}% 121
\BOOKMARK [1][-]{section.7.27}{\376\377\0007\000.\0002\0007\000\040\000y\000l\000a\000n\000g\000:\000:\000l\000e\000x\000e\000r\000\137\000e\000r\000r\000o\000r\000\040\000C\000l\000a\000s\000s\000\040\000R\000e\000f\000e\000r\000e\000n\000c\000e}{chapter.7}% 122
\BOOKMARK [2][-]{subsection.7.27.1}{\376\377\0007\000.\0002\0007\000.\0001\000\040\000D\000e\000t\000a\000i\000l\000e\000d\000\040\000D\000e\000s\000c\000r\000i\000p\000t\000i\000o\000n}{section.7.27}% 123
\BOOKMARK [2][-]{subsection.7.27.2}{\376\377\0007\000.\0002\0007\000.\0002\000\040\000C\000o\000n\000s\000t\000r\000u\000c\000t\000o\000r\000\040\000\046\000\040\000D\000e\000s\000t\000r\000u\000c\000t\000o\000r\000\040\000D\000o\000c\000u\000m\000e\000n\000t\000a\000t\000i\000o\000n}{section.7.27}% 124
\BOOKMARK [3][-]{subsubsection.7.27.2.1}{\376\377\0007\000.\0002\0007\000.\0002\000.\0001\000\040\000l\000e\000x\000e\000r\000\137\000e\000r\000r\000o\000r\000\050\000\051\000\040\000[\0001\000/\0003\000]}{subsection.7.27.2}% 125
\BOOKMARK [3][-]{subsubsection.7.27.2.2}{\376\377\0007\000.\0002\0007\000.\0002\000.\0002\000\040\000l\000e\000x\000e\000r\000\137\000e\000r\000r\000o\000r\000\050\000\051\000\040\000[\0002\000/\0003\000]}{subsection.7.27.2}% 126
\BOOKMARK [3][-]{subsubsection.7.27.2.3}{\376\377\0007\000.\0002\0007\000.\0002\000.\0003\000\040\000l\000e\000x\000e\000r\000\137\000e\000r\000r\000o\000r\000\050\000\051\000\040\000[\0003\000/\0003\000]}{subsection.7.27.2}% 127
\BOOKMARK [1][-]{section.7.28}{\376\377\0007\000.\0002\0008\000\040\000y\000l\000a\000n\000g\000:\000:\000P\000a\000r\000s\000e\000r\000\040\000C\000l\000a\000s\000s\000\040\000R\000e\000f\000e\000r\000e\000n\000c\000e}{chapter.7}% 128
\BOOKMARK [1][-]{section.7.29}{\376\377\0007\000.\0002\0009\000\040\000y\000l\000a\000n\000g\000:\000:\000p\000a\000r\000s\000e\000r\000\137\000e\000r\000r\000o\000r\000\040\000C\000l\000a\000s\000s\000\040\000R\000e\000f\000e\000r\000e\000n\000c\000e}{chapter.7}% 129
\BOOKMARK [2][-]{subsection.7.29.1}{\376\377\0007\000.\0002\0009\000.\0001\000\040\000D\000e\000t\000a\000i\000l\000e\000d\000\040\000D\000e\000s\000c\000r\000i\000p\000t\000i\000o\000n}{section.7.29}% 130
\BOOKMARK [2][-]{subsection.7.29.2}{\376\377\0007\000.\0002\0009\000.\0002\000\040\000C\000o\000n\000s\000t\000r\000u\000c\000t\000o\000r\000\040\000\046\000\040\000D\000e\000s\000t\000r\000u\000c\000t\000o\000r\000\040\000D\000o\000c\000u\000m\000e\000n\000t\000a\000t\000i\000o\000n}{section.7.29}% 131
\BOOKMARK [3][-]{subsubsection.7.29.2.1}{\376\377\0007\000.\0002\0009\000.\0002\000.\0001\000\040\000p\000a\000r\000s\000e\000r\000\137\000e\000r\000r\000o\000r\000\050\000\051\000\040\000[\0001\000/\0003\000]}{subsection.7.29.2}% 132
\BOOKMARK [3][-]{subsubsection.7.29.2.2}{\376\377\0007\000.\0002\0009\000.\0002\000.\0002\000\040\000p\000a\000r\000s\000e\000r\000\137\000e\000r\000r\000o\000r\000\050\000\051\000\040\000[\0002\000/\0003\000]}{subsection.7.29.2}% 133
\BOOKMARK [3][-]{subsubsection.7.29.2.3}{\376\377\0007\000.\0002\0009\000.\0002\000.\0003\000\040\000p\000a\000r\000s\000e\000r\000\137\000e\000r\000r\000o\000r\000\050\000\051\000\040\000[\0003\000/\0003\000]}{subsection.7.29.2}% 134
\BOOKMARK [1][-]{section.7.30}{\376\377\0007\000.\0003\0000\000\040\000y\000l\000a\000n\000g\000:\000:\000T\000o\000k\000e\000n\000\040\000S\000t\000r\000u\000c\000t\000\040\000R\000e\000f\000e\000r\000e\000n\000c\000e}{chapter.7}% 135
\BOOKMARK [2][-]{subsection.7.30.1}{\376\377\0007\000.\0003\0000\000.\0001\000\040\000D\000e\000t\000a\000i\000l\000e\000d\000\040\000D\000e\000s\000c\000r\000i\000p\000t\000i\000o\000n}{section.7.30}% 136
\BOOKMARK [1][-]{section.7.31}{\376\377\0007\000.\0003\0001\000\040\000y\000l\000a\000n\000g\000:\000:\000U\000t\000i\000l\000\040\000C\000l\000a\000s\000s\000\040\000R\000e\000f\000e\000r\000e\000n\000c\000e}{chapter.7}% 137
\BOOKMARK [2][-]{subsection.7.31.1}{\376\377\0007\000.\0003\0001\000.\0001\000\040\000D\000e\000t\000a\000i\000l\000e\000d\000\040\000D\000e\000s\000c\000r\000i\000p\000t\000i\000o\000n}{section.7.31}% 138
\BOOKMARK [2][-]{subsection.7.31.2}{\376\377\0007\000.\0003\0001\000.\0002\000\040\000M\000e\000m\000b\000e\000r\000\040\000F\000u\000n\000c\000t\000i\000o\000n\000\040\000D\000o\000c\000u\000m\000e\000n\000t\000a\000t\000i\000o\000n}{section.7.31}% 139
\BOOKMARK [3][-]{subsubsection.7.31.2.1}{\376\377\0007\000.\0003\0001\000.\0002\000.\0001\000\040\000G\000e\000t\000C\000u\000r\000r\000F\000i\000l\000e\000N\000a\000m\000e\000\050\000\051}{subsection.7.31.2}% 140
\BOOKMARK [3][-]{subsubsection.7.31.2.2}{\376\377\0007\000.\0003\0001\000.\0002\000.\0002\000\040\000P\000r\000i\000n\000t\000T\000o\000k\000e\000n\000\050\000\051}{subsection.7.31.2}% 141
\BOOKMARK [3][-]{subsubsection.7.31.2.3}{\376\377\0007\000.\0003\0001\000.\0002\000.\0003\000\040\000P\000r\000i\000n\000t\000U\000s\000a\000g\000e\000\050\000\051}{subsection.7.31.2}% 142
\BOOKMARK [3][-]{subsubsection.7.31.2.4}{\376\377\0007\000.\0003\0001\000.\0002\000.\0004\000\040\000R\000e\000a\000d\000S\000r\000c\000\050\000\051}{subsection.7.31.2}% 143
\BOOKMARK [1][-]{section.7.32}{\376\377\0007\000.\0003\0002\000\040\000y\000l\000a\000n\000g\000:\000:\000V\000a\000r\000i\000a\000b\000l\000e\000\040\000S\000t\000r\000u\000c\000t\000\040\000R\000e\000f\000e\000r\000e\000n\000c\000e}{chapter.7}% 144
\BOOKMARK [1][-]{section.7.33}{\376\377\0007\000.\0003\0003\000\040\000y\000l\000a\000n\000g\000:\000:\000V\000M\000\040\000S\000t\000r\000u\000c\000t\000\040\000R\000e\000f\000e\000r\000e\000n\000c\000e}{chapter.7}% 145
\BOOKMARK [0][-]{chapter.8}{\376\377\0008\000\040\000F\000i\000l\000e\000\040\000D\000o\000c\000u\000m\000e\000n\000t\000a\000t\000i\000o\000n}{}% 146
\BOOKMARK [1][-]{section.8.1}{\376\377\0008\000.\0001\000\040\000Y\000L\000a\000n\000g\0000\000.\0002\000/\000i\000n\000c\000l\000u\000d\000e\000/\000d\000e\000f\000i\000n\000e\000s\000.\000h\000p\000p\000\040\000F\000i\000l\000e\000\040\000R\000e\000f\000e\000r\000e\000n\000c\000e}{chapter.8}% 147
\BOOKMARK [2][-]{subsection.8.1.1}{\376\377\0008\000.\0001\000.\0001\000\040\000D\000e\000t\000a\000i\000l\000e\000d\000\040\000D\000e\000s\000c\000r\000i\000p\000t\000i\000o\000n}{section.8.1}% 148
\BOOKMARK [1][-]{section.8.2}{\376\377\0008\000.\0002\000\040\000Y\000L\000a\000n\000g\0000\000.\0002\000/\000i\000n\000c\000l\000u\000d\000e\000/\000e\000r\000r\000o\000r\000s\000.\000h\000p\000p\000\040\000F\000i\000l\000e\000\040\000R\000e\000f\000e\000r\000e\000n\000c\000e}{chapter.8}% 149
\BOOKMARK [2][-]{subsection.8.2.1}{\376\377\0008\000.\0002\000.\0001\000\040\000D\000e\000t\000a\000i\000l\000e\000d\000\040\000D\000e\000s\000c\000r\000i\000p\000t\000i\000o\000n}{section.8.2}% 150
\BOOKMARK [1][-]{section.8.3}{\376\377\0008\000.\0003\000\040\000Y\000L\000a\000n\000g\0000\000.\0002\000/\000i\000n\000c\000l\000u\000d\000e\000/\000l\000e\000x\000e\000r\000.\000h\000p\000p\000\040\000F\000i\000l\000e\000\040\000R\000e\000f\000e\000r\000e\000n\000c\000e}{chapter.8}% 151
\BOOKMARK [1][-]{section.8.4}{\376\377\0008\000.\0004\000\040\000Y\000L\000a\000n\000g\0000\000.\0002\000/\000i\000n\000c\000l\000u\000d\000e\000/\000u\000t\000i\000l\000.\000h\000p\000p\000\040\000F\000i\000l\000e\000\040\000R\000e\000f\000e\000r\000e\000n\000c\000e}{chapter.8}% 152
\BOOKMARK [2][-]{subsection.8.4.1}{\376\377\0008\000.\0004\000.\0001\000\040\000D\000e\000t\000a\000i\000l\000e\000d\000\040\000D\000e\000s\000c\000r\000i\000p\000t\000i\000o\000n}{section.8.4}% 153
\BOOKMARK [0][-]{section*.82}{\376\377\000I\000n\000d\000e\000x}{}% 154
